{
 "cells": [
  {
   "cell_type": "markdown",
   "metadata": {},
   "source": [
    "# Understanding Index Implementation in PostgreSQL\n",
    "\n",
    "This notebook explores how PostgreSQL implements **indexes**, with diagrams for **B-Tree structure**, **index pages**, and **ctid mapping**.\n",
    "\n",
    "We cover:\n",
    "- Why indexes exist\n",
    "- How indexes reference `ctid`s\n",
    "- B-Tree structure\n",
    "- Query performance comparison"
   ]
  },
  {
   "cell_type": "markdown",
   "metadata": {},
   "source": [
    "---\n",
    "## Setup\n",
    "\n",
    "Load the SQL extension and connect to the `people` database."
   ]
  },
  {
   "cell_type": "code",
   "execution_count": 1,
   "metadata": {},
   "outputs": [],
   "source": [
    "%load_ext sql\n",
    "%sql postgresql://fahad:secret@localhost:5432/people"
   ]
  },
  {
   "cell_type": "markdown",
   "metadata": {},
   "source": [
    "---\n",
    "## Creating a Table for Indexing\n",
    "\n",
    "We use a `users` table for demonstrating index behavior."
   ]
  },
  {
   "cell_type": "code",
   "execution_count": 2,
   "metadata": {},
   "outputs": [
    {
     "name": "stdout",
     "output_type": "stream",
     "text": [
      " * postgresql://fahad:***@localhost:5432/people\n",
      "Done.\n",
      "Done.\n",
      "1000 rows affected.\n"
     ]
    },
    {
     "data": {
      "text/plain": [
       "[]"
      ]
     },
     "execution_count": 2,
     "metadata": {},
     "output_type": "execute_result"
    }
   ],
   "source": [
    "%%sql\n",
    "DROP TABLE IF EXISTS users;\n",
    "CREATE TABLE users (\n",
    "    id SERIAL PRIMARY KEY,\n",
    "    username TEXT,\n",
    "    email TEXT\n",
    ");\n",
    "INSERT INTO users (username, email)\n",
    "SELECT 'user' || i, 'user' || i || '@example.com'\n",
    "FROM generate_series(1,1000) AS i;"
   ]
  },
  {
   "cell_type": "markdown",
   "metadata": {},
   "source": [
    "---\n",
    "## Sequential Scan vs Index Scan\n",
    "\n",
    "First, let's see what happens without an index:"
   ]
  },
  {
   "cell_type": "code",
   "execution_count": 3,
   "metadata": {},
   "outputs": [
    {
     "name": "stdout",
     "output_type": "stream",
     "text": [
      " * postgresql://fahad:***@localhost:5432/people\n",
      "5 rows affected.\n"
     ]
    },
    {
     "data": {
      "text/html": [
       "<table>\n",
       "    <thead>\n",
       "        <tr>\n",
       "            <th>QUERY PLAN</th>\n",
       "        </tr>\n",
       "    </thead>\n",
       "    <tbody>\n",
       "        <tr>\n",
       "            <td>Seq Scan on users  (cost=0.00..20.62 rows=4 width=68) (actual time=0.063..0.107 rows=1 loops=1)</td>\n",
       "        </tr>\n",
       "        <tr>\n",
       "            <td>&nbsp;&nbsp;Filter: (username = &#x27;user500&#x27;::text)</td>\n",
       "        </tr>\n",
       "        <tr>\n",
       "            <td>&nbsp;&nbsp;Rows Removed by Filter: 999</td>\n",
       "        </tr>\n",
       "        <tr>\n",
       "            <td>Planning Time: 0.085 ms</td>\n",
       "        </tr>\n",
       "        <tr>\n",
       "            <td>Execution Time: 0.118 ms</td>\n",
       "        </tr>\n",
       "    </tbody>\n",
       "</table>"
      ],
      "text/plain": [
       "[('Seq Scan on users  (cost=0.00..20.62 rows=4 width=68) (actual time=0.063..0.107 rows=1 loops=1)',),\n",
       " (\"  Filter: (username = 'user500'::text)\",),\n",
       " ('  Rows Removed by Filter: 999',),\n",
       " ('Planning Time: 0.085 ms',),\n",
       " ('Execution Time: 0.118 ms',)]"
      ]
     },
     "execution_count": 3,
     "metadata": {},
     "output_type": "execute_result"
    }
   ],
   "source": [
    "%%sql\n",
    "EXPLAIN ANALYZE SELECT * FROM users WHERE username='user500';"
   ]
  },
  {
   "cell_type": "markdown",
   "metadata": {},
   "source": [
    "---\n",
    "## Creating a B-Tree Index\n",
    "\n",
    "B-Tree is PostgreSQL's default index type. It organizes data for fast lookups.\n",
    "\n",
    "Each index entry stores:\n",
    "- The **column value**\n",
    "- The **`ctid` pointer** to the actual row in the table"
   ]
  },
  {
   "cell_type": "code",
   "execution_count": 4,
   "metadata": {},
   "outputs": [
    {
     "name": "stdout",
     "output_type": "stream",
     "text": [
      " * postgresql://fahad:***@localhost:5432/people\n",
      "Done.\n"
     ]
    },
    {
     "data": {
      "text/plain": [
       "[]"
      ]
     },
     "execution_count": 4,
     "metadata": {},
     "output_type": "execute_result"
    }
   ],
   "source": [
    "%%sql\n",
    "CREATE INDEX idx_username ON users(username);"
   ]
  },
  {
   "cell_type": "markdown",
   "metadata": {},
   "source": [
    "---\n",
    "## Querying With an Index\n",
    "\n",
    "We re-run the query with the index enabled:"
   ]
  },
  {
   "cell_type": "code",
   "execution_count": 5,
   "metadata": {},
   "outputs": [
    {
     "name": "stdout",
     "output_type": "stream",
     "text": [
      " * postgresql://fahad:***@localhost:5432/people\n",
      "7 rows affected.\n"
     ]
    },
    {
     "data": {
      "text/html": [
       "<table>\n",
       "    <thead>\n",
       "        <tr>\n",
       "            <th>QUERY PLAN</th>\n",
       "        </tr>\n",
       "    </thead>\n",
       "    <tbody>\n",
       "        <tr>\n",
       "            <td>Bitmap Heap Scan on users  (cost=4.31..11.89 rows=5 width=68) (actual time=0.066..0.066 rows=1 loops=1)</td>\n",
       "        </tr>\n",
       "        <tr>\n",
       "            <td>&nbsp;&nbsp;Recheck Cond: (username = &#x27;user500&#x27;::text)</td>\n",
       "        </tr>\n",
       "        <tr>\n",
       "            <td>&nbsp;&nbsp;Heap Blocks: exact=1</td>\n",
       "        </tr>\n",
       "        <tr>\n",
       "            <td>&nbsp;&nbsp;-&gt;  Bitmap Index Scan on idx_username  (cost=0.00..4.31 rows=5 width=0) (actual time=0.054..0.054 rows=1 loops=1)</td>\n",
       "        </tr>\n",
       "        <tr>\n",
       "            <td>&nbsp;&nbsp;&nbsp;&nbsp;&nbsp;&nbsp;&nbsp;&nbsp;Index Cond: (username = &#x27;user500&#x27;::text)</td>\n",
       "        </tr>\n",
       "        <tr>\n",
       "            <td>Planning Time: 0.273 ms</td>\n",
       "        </tr>\n",
       "        <tr>\n",
       "            <td>Execution Time: 0.082 ms</td>\n",
       "        </tr>\n",
       "    </tbody>\n",
       "</table>"
      ],
      "text/plain": [
       "[('Bitmap Heap Scan on users  (cost=4.31..11.89 rows=5 width=68) (actual time=0.066..0.066 rows=1 loops=1)',),\n",
       " (\"  Recheck Cond: (username = 'user500'::text)\",),\n",
       " ('  Heap Blocks: exact=1',),\n",
       " ('  ->  Bitmap Index Scan on idx_username  (cost=0.00..4.31 rows=5 width=0) (actual time=0.054..0.054 rows=1 loops=1)',),\n",
       " (\"        Index Cond: (username = 'user500'::text)\",),\n",
       " ('Planning Time: 0.273 ms',),\n",
       " ('Execution Time: 0.082 ms',)]"
      ]
     },
     "execution_count": 5,
     "metadata": {},
     "output_type": "execute_result"
    }
   ],
   "source": [
    "%%sql\n",
    "EXPLAIN ANALYZE SELECT * FROM users WHERE username='user500';"
   ]
  },
  {
   "cell_type": "markdown",
   "metadata": {},
   "source": [
    "---\n",
    "## Visualizing a B-Tree Index\n",
    "\n",
    "A B-Tree index stores values in **leaf pages** with pointers (`ctid`) to table rows.\n",
    "\n",
    "Diagram: internal nodes guide the search; leaf nodes contain the actual valueâ†’ctid mapping."
   ]
  },
  {
   "cell_type": "code",
   "execution_count": 6,
   "metadata": {},
   "outputs": [
    {
     "data": {
      "image/svg+xml": [
       "<?xml version=\"1.0\" encoding=\"UTF-8\" standalone=\"no\"?>\n",
       "<!DOCTYPE svg PUBLIC \"-//W3C//DTD SVG 1.1//EN\"\n",
       " \"http://www.w3.org/Graphics/SVG/1.1/DTD/svg11.dtd\">\n",
       "<!-- Generated by graphviz version 14.0.0 (20250921.2048)\n",
       " -->\n",
       "<!-- Pages: 1 -->\n",
       "<svg width=\"355pt\" height=\"161pt\"\n",
       " viewBox=\"0.00 0.00 355.00 161.00\" xmlns=\"http://www.w3.org/2000/svg\" xmlns:xlink=\"http://www.w3.org/1999/xlink\">\n",
       "<g id=\"graph0\" class=\"graph\" transform=\"scale(1 1) rotate(0) translate(4 157.32)\">\n",
       "<polygon fill=\"white\" stroke=\"none\" points=\"-4,4 -4,-157.32 351.03,-157.32 351.03,4 -4,4\"/>\n",
       "<!-- N1 -->\n",
       "<g id=\"node1\" class=\"node\">\n",
       "<title>N1</title>\n",
       "<ellipse fill=\"none\" stroke=\"black\" cx=\"83.97\" cy=\"-135.32\" rx=\"77.45\" ry=\"18\"/>\n",
       "<text xml:space=\"preserve\" text-anchor=\"middle\" x=\"83.97\" y=\"-130.27\" font-family=\"Times New Roman,serif\" font-size=\"14.00\">user100 &#45; user500</text>\n",
       "</g>\n",
       "<!-- L1 -->\n",
       "<g id=\"node3\" class=\"node\">\n",
       "<title>L1</title>\n",
       "<ellipse fill=\"none\" stroke=\"black\" cx=\"83.97\" cy=\"-40.66\" rx=\"83.97\" ry=\"40.66\"/>\n",
       "<text xml:space=\"preserve\" text-anchor=\"middle\" x=\"83.97\" y=\"-52.11\" font-family=\"Times New Roman,serif\" font-size=\"14.00\">user100 &#45;&gt; (0,100)</text>\n",
       "<text xml:space=\"preserve\" text-anchor=\"middle\" x=\"83.97\" y=\"-35.61\" font-family=\"Times New Roman,serif\" font-size=\"14.00\">user200 &#45;&gt; (0,200)</text>\n",
       "<text xml:space=\"preserve\" text-anchor=\"middle\" x=\"83.97\" y=\"-19.11\" font-family=\"Times New Roman,serif\" font-size=\"14.00\">user500 &#45;&gt; (1,50)</text>\n",
       "</g>\n",
       "<!-- N1&#45;&gt;L1 -->\n",
       "<g id=\"edge1\" class=\"edge\">\n",
       "<title>N1&#45;&gt;L1</title>\n",
       "<path fill=\"none\" stroke=\"black\" d=\"M83.97,-116.89C83.97,-109.96 83.97,-101.6 83.97,-93.01\"/>\n",
       "<polygon fill=\"black\" stroke=\"black\" points=\"87.47,-93.19 83.97,-83.19 80.47,-93.19 87.47,-93.19\"/>\n",
       "</g>\n",
       "<!-- N2 -->\n",
       "<g id=\"node2\" class=\"node\">\n",
       "<title>N2</title>\n",
       "<ellipse fill=\"none\" stroke=\"black\" cx=\"264.97\" cy=\"-135.32\" rx=\"82.06\" ry=\"18\"/>\n",
       "<text xml:space=\"preserve\" text-anchor=\"middle\" x=\"264.97\" y=\"-130.27\" font-family=\"Times New Roman,serif\" font-size=\"14.00\">user501 &#45; user1000</text>\n",
       "</g>\n",
       "<!-- L2 -->\n",
       "<g id=\"node4\" class=\"node\">\n",
       "<title>L2</title>\n",
       "<ellipse fill=\"none\" stroke=\"black\" cx=\"264.97\" cy=\"-40.66\" rx=\"79.2\" ry=\"28.99\"/>\n",
       "<text xml:space=\"preserve\" text-anchor=\"middle\" x=\"264.97\" y=\"-43.86\" font-family=\"Times New Roman,serif\" font-size=\"14.00\">user501 &#45;&gt; (1,51)</text>\n",
       "<text xml:space=\"preserve\" text-anchor=\"middle\" x=\"264.97\" y=\"-27.36\" font-family=\"Times New Roman,serif\" font-size=\"14.00\">user1000 &#45;&gt; (2,0)</text>\n",
       "</g>\n",
       "<!-- N2&#45;&gt;L2 -->\n",
       "<g id=\"edge2\" class=\"edge\">\n",
       "<title>N2&#45;&gt;L2</title>\n",
       "<path fill=\"none\" stroke=\"black\" d=\"M264.97,-116.89C264.97,-106.77 264.97,-93.6 264.97,-81.11\"/>\n",
       "<polygon fill=\"black\" stroke=\"black\" points=\"268.47,-81.45 264.97,-71.45 261.47,-81.45 268.47,-81.45\"/>\n",
       "</g>\n",
       "</g>\n",
       "</svg>\n"
      ],
      "text/plain": [
       "<graphviz.graphs.Digraph at 0x2e46f718ec0>"
      ]
     },
     "execution_count": 6,
     "metadata": {},
     "output_type": "execute_result"
    }
   ],
   "source": [
    "# Install Graphviz if not present\n",
    "try:\n",
    "    from graphviz import Digraph\n",
    "except ModuleNotFoundError:\n",
    "    !pip install graphviz\n",
    "    from graphviz import Digraph\n",
    "\n",
    "# Create B-Tree diagram\n",
    "dot = Digraph(comment='B-Tree Index')\n",
    "\n",
    "# Internal nodes\n",
    "dot.node('N1', 'user100 - user500')\n",
    "dot.node('N2', 'user501 - user1000')\n",
    "\n",
    "# Leaf nodes with ctid mapping\n",
    "dot.node('L1', 'user100 -> (0,100)\\nuser200 -> (0,200)\\nuser500 -> (1,50)')\n",
    "dot.node('L2', 'user501 -> (1,51)\\nuser1000 -> (2,0)')\n",
    "\n",
    "# Edges\n",
    "dot.edge('N1', 'L1')\n",
    "dot.edge('N2', 'L2')\n",
    "\n",
    "dot\n"
   ]
  },
  {
   "cell_type": "markdown",
   "metadata": {},
   "source": [
    "---\n",
    "## Index Storage Details\n",
    "\n",
    "- Each leaf stores **value + ctid**.\n",
    "- `ctid` points to the **tuple in the page**.\n",
    "- Non-unique indexes store multiple `ctid`s for the same value.\n",
    "\n",
    "This mapping is why index scans are faster than sequential scans."
   ]
  },
  {
   "cell_type": "markdown",
   "metadata": {},
   "source": [
    "---\n",
    "## Inspecting Index Metadata\n",
    "\n",
    "We can inspect index structure using system catalogs (`pg_index`, `pg_class`, `pg_attribute`)."
   ]
  },
  {
   "cell_type": "code",
   "execution_count": 7,
   "metadata": {},
   "outputs": [
    {
     "name": "stdout",
     "output_type": "stream",
     "text": [
      " * postgresql://fahad:***@localhost:5432/people\n",
      "2 rows affected.\n"
     ]
    },
    {
     "data": {
      "text/html": [
       "<table>\n",
       "    <thead>\n",
       "        <tr>\n",
       "            <th>table_name</th>\n",
       "            <th>index_name</th>\n",
       "            <th>column_name</th>\n",
       "        </tr>\n",
       "    </thead>\n",
       "    <tbody>\n",
       "        <tr>\n",
       "            <td>users</td>\n",
       "            <td>users_pkey</td>\n",
       "            <td>id</td>\n",
       "        </tr>\n",
       "        <tr>\n",
       "            <td>users</td>\n",
       "            <td>idx_username</td>\n",
       "            <td>username</td>\n",
       "        </tr>\n",
       "    </tbody>\n",
       "</table>"
      ],
      "text/plain": [
       "[('users', 'users_pkey', 'id'), ('users', 'idx_username', 'username')]"
      ]
     },
     "execution_count": 7,
     "metadata": {},
     "output_type": "execute_result"
    }
   ],
   "source": [
    "%%sql\n",
    "SELECT c.relname AS table_name,\n",
    "       i.relname AS index_name,\n",
    "       a.attname AS column_name\n",
    "FROM pg_class c\n",
    "JOIN pg_index ix ON c.oid = ix.indrelid\n",
    "JOIN pg_class i ON i.oid = ix.indexrelid\n",
    "JOIN pg_attribute a ON a.attrelid = c.oid AND a.attnum = ANY(ix.indkey)\n",
    "WHERE c.relname='users';"
   ]
  },
  {
   "cell_type": "markdown",
   "metadata": {},
   "source": [
    "---\n",
    "## Sequential vs Index Scan Performance\n",
    "\n",
    "Compare query plans with and without index:"
   ]
  },
  {
   "cell_type": "code",
   "execution_count": 8,
   "metadata": {},
   "outputs": [
    {
     "name": "stdout",
     "output_type": "stream",
     "text": [
      " * postgresql://fahad:***@localhost:5432/people\n",
      "7 rows affected.\n"
     ]
    },
    {
     "data": {
      "text/html": [
       "<table>\n",
       "    <thead>\n",
       "        <tr>\n",
       "            <th>QUERY PLAN</th>\n",
       "        </tr>\n",
       "    </thead>\n",
       "    <tbody>\n",
       "        <tr>\n",
       "            <td>Bitmap Heap Scan on users  (cost=4.31..11.89 rows=5 width=68) (actual time=0.089..0.090 rows=1 loops=1)</td>\n",
       "        </tr>\n",
       "        <tr>\n",
       "            <td>&nbsp;&nbsp;Recheck Cond: (username = &#x27;user999&#x27;::text)</td>\n",
       "        </tr>\n",
       "        <tr>\n",
       "            <td>&nbsp;&nbsp;Heap Blocks: exact=1</td>\n",
       "        </tr>\n",
       "        <tr>\n",
       "            <td>&nbsp;&nbsp;-&gt;  Bitmap Index Scan on idx_username  (cost=0.00..4.31 rows=5 width=0) (actual time=0.068..0.068 rows=1 loops=1)</td>\n",
       "        </tr>\n",
       "        <tr>\n",
       "            <td>&nbsp;&nbsp;&nbsp;&nbsp;&nbsp;&nbsp;&nbsp;&nbsp;Index Cond: (username = &#x27;user999&#x27;::text)</td>\n",
       "        </tr>\n",
       "        <tr>\n",
       "            <td>Planning Time: 0.084 ms</td>\n",
       "        </tr>\n",
       "        <tr>\n",
       "            <td>Execution Time: 0.107 ms</td>\n",
       "        </tr>\n",
       "    </tbody>\n",
       "</table>"
      ],
      "text/plain": [
       "[('Bitmap Heap Scan on users  (cost=4.31..11.89 rows=5 width=68) (actual time=0.089..0.090 rows=1 loops=1)',),\n",
       " (\"  Recheck Cond: (username = 'user999'::text)\",),\n",
       " ('  Heap Blocks: exact=1',),\n",
       " ('  ->  Bitmap Index Scan on idx_username  (cost=0.00..4.31 rows=5 width=0) (actual time=0.068..0.068 rows=1 loops=1)',),\n",
       " (\"        Index Cond: (username = 'user999'::text)\",),\n",
       " ('Planning Time: 0.084 ms',),\n",
       " ('Execution Time: 0.107 ms',)]"
      ]
     },
     "execution_count": 8,
     "metadata": {},
     "output_type": "execute_result"
    }
   ],
   "source": [
    "%%sql\n",
    "EXPLAIN ANALYZE SELECT * FROM users WHERE username='user999';"
   ]
  },
  {
   "cell_type": "code",
   "execution_count": 9,
   "metadata": {},
   "outputs": [
    {
     "name": "stdout",
     "output_type": "stream",
     "text": [
      " * postgresql://fahad:***@localhost:5432/people\n",
      "Done.\n",
      "7 rows affected.\n",
      "Done.\n"
     ]
    },
    {
     "data": {
      "text/plain": [
       "[]"
      ]
     },
     "execution_count": 9,
     "metadata": {},
     "output_type": "execute_result"
    }
   ],
   "source": [
    "%%sql\n",
    "SET enable_seqscan = OFF;\n",
    "EXPLAIN ANALYZE SELECT * FROM users WHERE username='user999';\n",
    "SET enable_seqscan = ON;"
   ]
  },
  {
   "cell_type": "markdown",
   "metadata": {},
   "source": [
    "---\n",
    "## Conclusion\n",
    "\n",
    "We learned:\n",
    "- How B-Tree indexes map **values to `ctid`s**.\n",
    "- Leaf nodes contain **value + pointer**, internal nodes guide searches.\n",
    "- Index scans are faster than sequential scans.\n",
    "- You can inspect index structure via system catalogs.\n",
    "\n",
    "Next steps: explore **multi-column indexes, partial indexes, and unique constraints** for advanced strategies."
   ]
  }
 ],
 "metadata": {
  "kernelspec": {
   "display_name": "Python 3 (ipykernel)",
   "language": "python",
   "name": "python3"
  },
  "language_info": {
   "codemirror_mode": {
    "name": "ipython",
    "version": 3
   },
   "file_extension": ".py",
   "mimetype": "text/x-python",
   "name": "python",
   "nbconvert_exporter": "python",
   "pygments_lexer": "ipython3",
   "version": "3.13.5"
  }
 },
 "nbformat": 4,
 "nbformat_minor": 4
}
